<?xml version="1.0" encoding="UTF-8"?>
<!-- Generated by org.testng.reporters.JUnitReportReporter -->
<testsuite hostname="DESKTOP-9JU3N4G" failures="0" tests="1" name="PageAutomation.login" time="12.513" errors="0" timestamp="2023-03-29T14:12:40 IST" skipped="0">
  <testcase classname="PageAutomation.login" name="login_testing" time="12.513"/>
  <system-out/>
</testsuite> <!-- PageAutomation.login -->
